This is pdfTeX, Version 3.1415926-2.4-1.40.13 (TeX Live 2012) (format=pdflatex 2012.6.30)  6 FEB 2013 11:08
entering extended mode
 restricted \write18 enabled.
 file:line:error style messages enabled.
 %&-line parsing enabled.
**New.tex
(./New.tex
LaTeX2e <2011/06/27>
Babel <v3.8m> and hyphenation patterns for english, dumylang, nohyphenation, ge
rman-x-2012-05-30, ngerman-x-2012-05-30, afrikaans, ancientgreek, ibycus, arabi
c, armenian, basque, bulgarian, catalan, pinyin, coptic, croatian, czech, danis
h, dutch, ukenglish, usenglishmax, esperanto, estonian, ethiopic, farsi, finnis
h, french, friulan, galician, german, ngerman, swissgerman, monogreek, greek, h
ungarian, icelandic, assamese, bengali, gujarati, hindi, kannada, malayalam, ma
rathi, oriya, panjabi, tamil, telugu, indonesian, interlingua, irish, italian, 
kurmanji, latin, latvian, lithuanian, mongolian, mongolianlmc, bokmal, nynorsk,
 polish, portuguese, romanian, romansh, russian, sanskrit, serbian, serbianc, s
lovak, slovenian, spanish, swedish, turkish, turkmen, ukrainian, uppersorbian, 
welsh, loaded.
(./IEEEtran.cls
Document Class: IEEEtran 2007/03/05 V1.7a by Michael Shell
-- See the "IEEEtran_HOWTO" manual for usage information.
-- http://www.michaelshell.org/tex/ieeetran/
\@IEEEtrantmpdimenA=\dimen102
\@IEEEtrantmpdimenB=\dimen103
\@IEEEtrantmpcountA=\count79
\@IEEEtrantmpcountB=\count80
\@IEEEtrantmptoksA=\toks14
LaTeX Font Info:    Try loading font information for OT1+ptm on input line 366.

(/usr/local/texlive/2012/texmf-dist/tex/latex/psnfss/ot1ptm.fd
File: ot1ptm.fd 2001/06/04 font definitions for OT1/ptm.
)
-- Using 8.5in x 11in (letter) paper.
-- Using PDF output.
\@IEEEnormalsizeunitybaselineskip=\dimen104
-- This is a 10 point document.
\CLASSINFOnormalsizebaselineskip=\dimen105
\CLASSINFOnormalsizeunitybaselineskip=\dimen106
\IEEEnormaljot=\dimen107
LaTeX Font Info:    Font shape `OT1/ptm/bx/n' in size <5> not available
(Font)              Font shape `OT1/ptm/b/n' tried instead on input line 724.
LaTeX Font Info:    Font shape `OT1/ptm/bx/it' in size <5> not available
(Font)              Font shape `OT1/ptm/b/it' tried instead on input line 724.
LaTeX Font Info:    Font shape `OT1/ptm/bx/n' in size <7> not available
(Font)              Font shape `OT1/ptm/b/n' tried instead on input line 724.
LaTeX Font Info:    Font shape `OT1/ptm/bx/it' in size <7> not available
(Font)              Font shape `OT1/ptm/b/it' tried instead on input line 724.
LaTeX Font Info:    Font shape `OT1/ptm/bx/n' in size <8> not available
(Font)              Font shape `OT1/ptm/b/n' tried instead on input line 724.
LaTeX Font Info:    Font shape `OT1/ptm/bx/it' in size <8> not available
(Font)              Font shape `OT1/ptm/b/it' tried instead on input line 724.
LaTeX Font Info:    Font shape `OT1/ptm/bx/n' in size <9> not available
(Font)              Font shape `OT1/ptm/b/n' tried instead on input line 724.
LaTeX Font Info:    Font shape `OT1/ptm/bx/it' in size <9> not available
(Font)              Font shape `OT1/ptm/b/it' tried instead on input line 724.
LaTeX Font Info:    Font shape `OT1/ptm/bx/n' in size <10> not available
(Font)              Font shape `OT1/ptm/b/n' tried instead on input line 724.
LaTeX Font Info:    Font shape `OT1/ptm/bx/it' in size <10> not available
(Font)              Font shape `OT1/ptm/b/it' tried instead on input line 724.
LaTeX Font Info:    Font shape `OT1/ptm/bx/n' in size <11> not available
(Font)              Font shape `OT1/ptm/b/n' tried instead on input line 724.
LaTeX Font Info:    Font shape `OT1/ptm/bx/it' in size <11> not available
(Font)              Font shape `OT1/ptm/b/it' tried instead on input line 724.
LaTeX Font Info:    Font shape `OT1/ptm/bx/n' in size <12> not available
(Font)              Font shape `OT1/ptm/b/n' tried instead on input line 724.
LaTeX Font Info:    Font shape `OT1/ptm/bx/it' in size <12> not available
(Font)              Font shape `OT1/ptm/b/it' tried instead on input line 724.
LaTeX Font Info:    Font shape `OT1/ptm/bx/n' in size <17> not available
(Font)              Font shape `OT1/ptm/b/n' tried instead on input line 724.
LaTeX Font Info:    Font shape `OT1/ptm/bx/it' in size <17> not available
(Font)              Font shape `OT1/ptm/b/it' tried instead on input line 724.
LaTeX Font Info:    Font shape `OT1/ptm/bx/n' in size <20> not available
(Font)              Font shape `OT1/ptm/b/n' tried instead on input line 724.
LaTeX Font Info:    Font shape `OT1/ptm/bx/it' in size <20> not available
(Font)              Font shape `OT1/ptm/b/it' tried instead on input line 724.
LaTeX Font Info:    Font shape `OT1/ptm/bx/n' in size <24> not available
(Font)              Font shape `OT1/ptm/b/n' tried instead on input line 724.
LaTeX Font Info:    Font shape `OT1/ptm/bx/it' in size <24> not available
(Font)              Font shape `OT1/ptm/b/it' tried instead on input line 724.
\IEEEilabelindentA=\dimen108
\IEEEilabelindentB=\dimen109
\IEEEilabelindent=\dimen110
\IEEEelabelindent=\dimen111
\IEEEdlabelindent=\dimen112
\IEEElabelindent=\dimen113
\IEEEiednormlabelsep=\dimen114
\IEEEiedmathlabelsep=\dimen115
\IEEEiedtopsep=\skip41
\c@section=\count81
\c@subsection=\count82
\c@subsubsection=\count83
\c@paragraph=\count84
\c@IEEEsubequation=\count85
\abovecaptionskip=\skip42
\belowcaptionskip=\skip43
\c@figure=\count86
\c@table=\count87
\@IEEEeqnnumcols=\count88
\@IEEEeqncolcnt=\count89
\@IEEEtmpitemindent=\dimen116
\c@IEEEbiography=\count90
\@IEEEtranrubishbin=\box26
) (/usr/local/texlive/2012/texmf-dist/tex/latex/subfigure/subfigure.sty
Package: subfigure 2002/03/15 v2.1.5 subfigure package
\subfigtopskip=\skip44
\subfigcapskip=\skip45
\subfigcaptopadj=\dimen117
\subfigbottomskip=\skip46
\subfigcapmargin=\dimen118
\subfiglabelskip=\skip47
\c@subfigure=\count91
\c@lofdepth=\count92
\c@subtable=\count93
\c@lotdepth=\count94

****************************************
* Local config file subfigure.cfg used *
****************************************
(/usr/local/texlive/2012/texmf-dist/tex/latex/subfigure/subfigure.cfg)
\subfig@top=\skip48
\subfig@bottom=\skip49
)
(/usr/local/texlive/2012/texmf-dist/tex/latex/tools/verbatim.sty
Package: verbatim 2003/08/22 v1.5q LaTeX2e package for verbatim enhancements
\every@verbatim=\toks15
\verbatim@line=\toks16
\verbatim@in@stream=\read1
)
(/usr/local/texlive/2012/texmf-dist/tex/latex/soul/soul.sty
Package: soul 2003/11/17 v2.4 letterspacing/underlining (mf)
\SOUL@word=\toks17
\SOUL@lasttoken=\toks18
\SOUL@cmds=\toks19
\SOUL@buffer=\toks20
\SOUL@token=\toks21
\SOUL@spaceskip=\skip50
\SOUL@ttwidth=\dimen119
\SOUL@uldp=\dimen120
\SOUL@ulht=\dimen121
)
(/usr/local/texlive/2012/texmf-dist/tex/latex/comment/comment.sty
\CommentStream=\write3

Excluding comment 'comment')
(/usr/local/texlive/2012/texmf-dist/tex/latex/psnfss/pifont.sty
Package: pifont 2005/04/12 PSNFSS-v9.2a Pi font support (SPQR) 
LaTeX Font Info:    Try loading font information for U+pzd on input line 63.

(/usr/local/texlive/2012/texmf-dist/tex/latex/psnfss/upzd.fd
File: upzd.fd 2001/06/04 font definitions for U/pzd.
)
LaTeX Font Info:    Try loading font information for U+psy on input line 64.

(/usr/local/texlive/2012/texmf-dist/tex/latex/psnfss/upsy.fd
File: upsy.fd 2001/06/04 font definitions for U/psy.
))
(/usr/local/texlive/2012/texmf-dist/tex/latex/tools/array.sty
Package: array 2008/09/09 v2.4c Tabular extension package (FMi)
\col@sep=\dimen122
\extrarowheight=\dimen123
\NC@list=\toks22
\extratabsurround=\skip51
\backup@length=\skip52
)
(/usr/local/texlive/2012/texmf-dist/tex/latex/url/url.sty
\Urlmuskip=\muskip10
Package: url 2006/04/12  ver 3.3  Verb mode for urls, etc.
)
(/usr/local/texlive/2012/texmf-dist/tex/latex/amsmath/amsmath.sty
Package: amsmath 2000/07/18 v2.13 AMS math features
\@mathmargin=\skip53

For additional information on amsmath, use the `?' option.
(/usr/local/texlive/2012/texmf-dist/tex/latex/amsmath/amstext.sty
Package: amstext 2000/06/29 v2.01

(/usr/local/texlive/2012/texmf-dist/tex/latex/amsmath/amsgen.sty
File: amsgen.sty 1999/11/30 v2.0
\@emptytoks=\toks23
\ex@=\dimen124
))
(/usr/local/texlive/2012/texmf-dist/tex/latex/amsmath/amsbsy.sty
Package: amsbsy 1999/11/29 v1.2d
\pmbraise@=\dimen125
)
(/usr/local/texlive/2012/texmf-dist/tex/latex/amsmath/amsopn.sty
Package: amsopn 1999/12/14 v2.01 operator names
)
\inf@bad=\count95
LaTeX Info: Redefining \frac on input line 211.
\uproot@=\count96
\leftroot@=\count97
LaTeX Info: Redefining \overline on input line 307.
\classnum@=\count98
\DOTSCASE@=\count99
LaTeX Info: Redefining \ldots on input line 379.
LaTeX Info: Redefining \dots on input line 382.
LaTeX Info: Redefining \cdots on input line 467.
\Mathstrutbox@=\box27
\strutbox@=\box28
\big@size=\dimen126
LaTeX Font Info:    Redeclaring font encoding OML on input line 567.
LaTeX Font Info:    Redeclaring font encoding OMS on input line 568.
\macc@depth=\count100
\c@MaxMatrixCols=\count101
\dotsspace@=\muskip11
\c@parentequation=\count102
\dspbrk@lvl=\count103
\tag@help=\toks24
\row@=\count104
\column@=\count105
\maxfields@=\count106
\andhelp@=\toks25
\eqnshift@=\dimen127
\alignsep@=\dimen128
\tagshift@=\dimen129
\tagwidth@=\dimen130
\totwidth@=\dimen131
\lineht@=\dimen132
\@envbody=\toks26
\multlinegap=\skip54
\multlinetaggap=\skip55
\mathdisplay@stack=\toks27
LaTeX Info: Redefining \[ on input line 2666.
LaTeX Info: Redefining \] on input line 2667.
)
(/usr/local/texlive/2012/texmf-dist/tex/latex/multirow/multirow.sty
\bigstrutjot=\dimen133
)
(/usr/local/texlive/2012/texmf-dist/tex/latex/base/latexsym.sty
Package: latexsym 1998/08/17 v2.2e Standard LaTeX package (lasy symbols)
\symlasy=\mathgroup4
LaTeX Font Info:    Overwriting symbol font `lasy' in version `bold'
(Font)                  U/lasy/m/n --> U/lasy/b/n on input line 47.
)
(/usr/local/texlive/2012/texmf-dist/tex/latex/tools/tabularx.sty
Package: tabularx 1999/01/07 v2.07 `tabularx' package (DPC)
\TX@col@width=\dimen134
\TX@old@table=\dimen135
\TX@old@col=\dimen136
\TX@target=\dimen137
\TX@delta=\dimen138
\TX@cols=\count107
\TX@ftn=\toks28
)
(/usr/local/texlive/2012/texmf-dist/tex/generic/oberdiek/ifpdf.sty
Package: ifpdf 2011/01/30 v2.3 Provides the ifpdf switch (HO)
Package ifpdf Info: pdfTeX in PDF mode is detected.
)
(/usr/local/texlive/2012/texmf-dist/tex/latex/rotating/rotating.sty
Package: rotating 2009/03/28 v2.16a rotated objects in LaTeX

(/usr/local/texlive/2012/texmf-dist/tex/latex/graphics/graphicx.sty
Package: graphicx 1999/02/16 v1.0f Enhanced LaTeX Graphics (DPC,SPQR)

(/usr/local/texlive/2012/texmf-dist/tex/latex/graphics/keyval.sty
Package: keyval 1999/03/16 v1.13 key=value parser (DPC)
\KV@toks@=\toks29
)
(/usr/local/texlive/2012/texmf-dist/tex/latex/graphics/graphics.sty
Package: graphics 2009/02/05 v1.0o Standard LaTeX Graphics (DPC,SPQR)

(/usr/local/texlive/2012/texmf-dist/tex/latex/graphics/trig.sty
Package: trig 1999/03/16 v1.09 sin cos tan (DPC)
)
(/usr/local/texlive/2012/texmf-dist/tex/latex/latexconfig/graphics.cfg
File: graphics.cfg 2010/04/23 v1.9 graphics configuration of TeX Live
)
Package graphics Info: Driver file: pdftex.def on input line 91.

(/usr/local/texlive/2012/texmf-dist/tex/latex/pdftex-def/pdftex.def
File: pdftex.def 2011/05/27 v0.06d Graphics/color for pdfTeX

(/usr/local/texlive/2012/texmf-dist/tex/generic/oberdiek/infwarerr.sty
Package: infwarerr 2010/04/08 v1.3 Providing info/warning/error messages (HO)
)
(/usr/local/texlive/2012/texmf-dist/tex/generic/oberdiek/ltxcmds.sty
Package: ltxcmds 2011/11/09 v1.22 LaTeX kernel commands for general use (HO)
)
\Gread@gobject=\count108
))
\Gin@req@height=\dimen139
\Gin@req@width=\dimen140
)
(/usr/local/texlive/2012/texmf-dist/tex/latex/base/ifthen.sty
Package: ifthen 2001/05/26 v1.1c Standard LaTeX ifthen package (DPC)
)
\c@r@tfl@t=\count109
\rotFPtop=\skip56
\rotFPbot=\skip57
\rot@float@box=\box29
\rot@mess@toks=\toks30
)
(/usr/local/texlive/2012/texmf-dist/tex/latex/colortbl/colortbl.sty
Package: colortbl 2012/02/13 v1.0a Color table columns (DPC)

(/usr/local/texlive/2012/texmf-dist/tex/latex/graphics/color.sty
Package: color 2005/11/14 v1.0j Standard LaTeX Color (DPC)

(/usr/local/texlive/2012/texmf-dist/tex/latex/latexconfig/color.cfg
File: color.cfg 2007/01/18 v1.5 color configuration of teTeX/TeXLive
)
Package color Info: Driver file: pdftex.def on input line 130.
)
\everycr=\toks31
\minrowclearance=\skip58
)
(/usr/local/texlive/2012/texmf-dist/tex/latex/algorithms/algorithm.sty
Package: algorithm 2009/08/24 v0.1 Document Style `algorithm' - floating enviro
nment

(/usr/local/texlive/2012/texmf-dist/tex/latex/float/float.sty
Package: float 2001/11/08 v1.3d Float enhancements (AL)
\c@float@type=\count110
\float@exts=\toks32
\float@box=\box30
\@float@everytoks=\toks33
\@floatcapt=\box31
)
\@float@every@algorithm=\toks34
\c@algorithm=\count111
)
(/usr/local/texlive/2012/texmf-dist/tex/latex/algorithms/algorithmic.sty
Package: algorithmic 2009/08/24 v0.1 Document Style `algorithmic'
\c@ALC@unique=\count112
\c@ALC@line=\count113
\c@ALC@rem=\count114
\c@ALC@depth=\count115
\ALC@tlm=\skip59
\algorithmicindent=\skip60
)
(/usr/local/texlive/2012/texmf-dist/tex/latex/tools/xspace.sty
Package: xspace 2009/10/20 v1.13 Space after command names (DPC,MH)
)
(/usr/local/texlive/2012/texmf-dist/tex/latex/bbm-macros/bbm.sty
Package: bbm 1999/03/15 V 1.2 provides fonts for set symbols - TH
LaTeX Font Info:    Overwriting math alphabet `\mathbbm' in version `bold'
(Font)                  U/bbm/m/n --> U/bbm/bx/n on input line 33.
LaTeX Font Info:    Overwriting math alphabet `\mathbbmss' in version `bold'
(Font)                  U/bbmss/m/n --> U/bbmss/bx/n on input line 35.
)
(/usr/local/texlive/2012/texmf-dist/tex/latex/wrapfig/wrapfig.sty
\wrapoverhang=\dimen141
\WF@size=\dimen142
\c@WF@wrappedlines=\count116
\WF@box=\box32
\WF@everypar=\toks35
Package: wrapfig 2003/01/31  v 3.6
) (./New.aux

LaTeX Warning: Label `fig:latency_adapt' multiply defined.

)
\openout1 = `New.aux'.

LaTeX Font Info:    Checking defaults for OML/cmm/m/it on input line 87.
LaTeX Font Info:    ... okay on input line 87.
LaTeX Font Info:    Checking defaults for T1/cmr/m/n on input line 87.
LaTeX Font Info:    ... okay on input line 87.
LaTeX Font Info:    Checking defaults for OT1/cmr/m/n on input line 87.
LaTeX Font Info:    ... okay on input line 87.
LaTeX Font Info:    Checking defaults for OMS/cmsy/m/n on input line 87.
LaTeX Font Info:    ... okay on input line 87.
LaTeX Font Info:    Checking defaults for OMX/cmex/m/n on input line 87.
LaTeX Font Info:    ... okay on input line 87.
LaTeX Font Info:    Checking defaults for U/cmr/m/n on input line 87.
LaTeX Font Info:    ... okay on input line 87.
 (/usr/local/texlive/2012/texmf-dist/tex/context/base/supp-pdf.mkii
[Loading MPS to PDF converter (version 2006.09.02).]
\scratchcounter=\count117
\scratchdimen=\dimen143
\scratchbox=\box33
\nofMPsegments=\count118
\nofMParguments=\count119
\everyMPshowfont=\toks36
\MPscratchCnt=\count120
\MPscratchDim=\dimen144
\MPnumerator=\count121
\makeMPintoPDFobject=\count122
\everyMPtoPDFconversion=\toks37
) (/usr/local/texlive/2012/texmf-dist/tex/generic/oberdiek/pdftexcmds.sty
Package: pdftexcmds 2011/11/29 v0.20 Utility functions of pdfTeX for LuaTeX (HO
)

(/usr/local/texlive/2012/texmf-dist/tex/generic/oberdiek/ifluatex.sty
Package: ifluatex 2010/03/01 v1.3 Provides the ifluatex switch (HO)
Package ifluatex Info: LuaTeX not detected.
)
Package pdftexcmds Info: LuaTeX not detected.
Package pdftexcmds Info: \pdf@primitive is available.
Package pdftexcmds Info: \pdf@ifprimitive is available.
Package pdftexcmds Info: \pdfdraftmode found.
)
(/usr/local/texlive/2012/texmf-dist/tex/latex/oberdiek/epstopdf-base.sty
Package: epstopdf-base 2010/02/09 v2.5 Base part for package epstopdf

(/usr/local/texlive/2012/texmf-dist/tex/latex/oberdiek/grfext.sty
Package: grfext 2010/08/19 v1.1 Manage graphics extensions (HO)

(/usr/local/texlive/2012/texmf-dist/tex/generic/oberdiek/kvdefinekeys.sty
Package: kvdefinekeys 2011/04/07 v1.3 Define keys (HO)
))
(/usr/local/texlive/2012/texmf-dist/tex/latex/oberdiek/kvoptions.sty
Package: kvoptions 2011/06/30 v3.11 Key value format for package options (HO)

(/usr/local/texlive/2012/texmf-dist/tex/generic/oberdiek/kvsetkeys.sty
Package: kvsetkeys 2012/04/25 v1.16 Key value parser (HO)

(/usr/local/texlive/2012/texmf-dist/tex/generic/oberdiek/etexcmds.sty
Package: etexcmds 2011/02/16 v1.5 Avoid name clashes with e-TeX commands (HO)
Package etexcmds Info: Could not find \expanded.
(etexcmds)             That can mean that you are not using pdfTeX 1.50 or
(etexcmds)             that some package has redefined \expanded.
(etexcmds)             In the latter case, load this package earlier.
)))
Package grfext Info: Graphics extension search list:
(grfext)             [.png,.pdf,.jpg,.mps,.jpeg,.jbig2,.jb2,.PNG,.PDF,.JPG,.JPE
G,.JBIG2,.JB2,.eps]
(grfext)             \AppendGraphicsExtensions on input line 452.

(/usr/local/texlive/2012/texmf-dist/tex/latex/latexconfig/epstopdf-sys.cfg
File: epstopdf-sys.cfg 2010/07/13 v1.3 Configuration of (r)epstopdf for TeX Liv
e
))
(./abstract.tex) (./section1.tex [1{/usr/local/texlive/2012/texmf-var/fonts/map
/pdftex/updmap/pdftex.map}


]) (./section2.tex
<final_images/Triangle.png, id=10, 182.93344pt x 125.71968pt>
File: final_images/Triangle.png Graphic file (type png)

<use final_images/Triangle.png>
Package pdftex.def Info: final_images/Triangle.png used on input line 124.
(pdftex.def)             Requested size: 82.31927pt x 56.57332pt.

Underfull \hbox (badness 10000) in paragraph at lines 130--133
[] \OT1/ptm/m/it/10 1) Lo-ca-tion di-ver-sity
 []


Underfull \hbox (badness 7777) in paragraph at lines 130--133
\OT1/ptm/m/it/10 in-creases ca-pac-ity: [][] \OT1/ptm/m/n/10 Lo-ca-tion
 []


Underfull \hbox (badness 10000) in paragraph at lines 130--133
\OT1/ptm/m/n/10 di-ver-sity can sig-nif-i-cantly
 []


Underfull \hbox (badness 10000) in paragraph at lines 130--133
\OT1/ptm/m/n/10 in-crease the ca-pac-ity of a
 []


Underfull \hbox (badness 10000) in paragraph at lines 130--133
\OT1/ptm/m/n/10 the tri-an-gu-lar net-work in
 []


Underfull \hbox (badness 1983) in paragraph at lines 130--133
\OT1/ptm/m/n/10 Fig-ure 1[]. Sup-pose each link
 []

<final_images/Diagram3node.png, id=11, 378.41376pt x 95.35625pt>
File: final_images/Diagram3node.png Graphic file (type png)

<use final_images/Diagram3node.png>
Package pdftex.def Info: final_images/Diagram3node.png used on input line 150.
(pdftex.def)             Requested size: 151.36281pt x 38.14182pt.
 [2 <./final_images/Triangle.png> <./final_images/Diagram3node.png>]
LaTeX Font Info:    Try loading font information for U+lasy on input line 185.

(/usr/local/texlive/2012/texmf-dist/tex/latex/base/ulasy.fd
File: ulasy.fd 1998/08/17 v2.2e LaTeX symbol font definitions
)) (./section3.tex
<final_images/Simulation1.pdf, id=17, 415.5525pt x 294.09875pt>
File: final_images/Simulation1.pdf Graphic file (type pdf)

<use final_images/Simulation1.pdf>
Package pdftex.def Info: final_images/Simulation1.pdf used on input line 48.
(pdftex.def)             Requested size: 174.53085pt x 123.52063pt.
 [3 <./final_images/Simulation1.pdf>]
Overfull \hbox (0.97096pt too wide) in paragraph at lines 108--108
[]|\OT1/ptm/b/n/8 Nodes| 
 []


Overfull \hbox (2.65898pt too wide) in paragraph at lines 108--108
[]|\OT1/ptm/b/n/8 Duration
 []


Underfull \hbox (badness 7944) in paragraph at lines 104--116
\OT1/ptm/m/n/10 from the fol-low-ing three ISPs for our ex-per-i-mens:
 []


Underfull \hbox (badness 10000) in paragraph at lines 116--120
[]\OT1/ptm/m/n/10 (1) \OT1/ptm/b/n/10 Abi-lene\OT1/ptm/m/n/10 ,
 []


Underfull \hbox (badness 10000) in paragraph at lines 116--120
\OT1/ptm/m/n/10 from the pub-licly
 []


Underfull \hbox (badness 10000) in paragraph at lines 116--120
\OT1/ptm/m/n/10 avail-able Abi-lene
 []


Underfull \hbox (badness 10000) in paragraph at lines 116--120
\OT1/ptm/m/n/10 ISP data [[]].
 []


Underfull \hbox (badness 10000) in paragraph at lines 116--120
\OT1/ptm/m/n/10 (2) \OT1/ptm/b/n/10 Geant\OT1/ptm/m/n/10 , the
 []


Underfull \hbox (badness 10000) in paragraph at lines 116--120
\OT1/ptm/m/n/10 un-anonymized
 []


Underfull \hbox (badness 10000) in paragraph at lines 116--120
\OT1/ptm/m/n/10 topol-ogy ob-tained
 []


Underfull \hbox (badness 10000) in paragraph at lines 164--164
[]|\OT1/ptm/b/n/8 BW
 []


Overfull \hbox (4.97089pt too wide) in paragraph at lines 164--164
\OT1/ptm/b/n/8 (Mbps)| 
 []


Underfull \hbox (badness 10000) in paragraph at lines 164--164
[]|\OT1/ptm/b/n/8 US
 []


Underfull \hbox (badness 10000) in paragraph at lines 164--164
\OT1/ptm/b/n/8 users
 []


Overfull \hbox (2.42952pt too wide) in paragraph at lines 164--164
[]|\OT1/ptm/b/n/8 Europe
 []


Underfull \hbox (badness 10000) in paragraph at lines 164--164
\OT1/ptm/b/n/8 users
 []

) (./section4.tex
<final_images/G3_CDF/Abilene_download_rates_aggregate_plot.pdf, id=38, 252.945p
t x 176.66pt>
File: final_images/G3_CDF/Abilene_download_rates_aggregate_plot.pdf Graphic fil
e (type pdf)

<use final_images/G3_CDF/Abilene_download_rates_aggregate_plot.pdf>
Package pdftex.def Info: final_images/G3_CDF/Abilene_download_rates_aggregate_p
lot.pdf used on input line 5.
(pdftex.def)             Requested size: 151.76816pt x 105.99681pt.

<final_images/G3_CDF/Geant_download_rates_aggregate_plot.pdf, id=39, 252.945pt 
x 176.66pt>
File: final_images/G3_CDF/Geant_download_rates_aggregate_plot.pdf Graphic file 
(type pdf)
 <use final_images/G3_CDF/Geant_download_rates_aggregate_plot.pdf>
Package pdftex.def Info: final_images/G3_CDF/Geant_download_rates_aggregate_plo
t.pdf used on input line 6.
(pdftex.def)             Requested size: 151.76816pt x 105.99681pt.

<final_images/G3_CDF/ATT_download_rates_aggregate_plot.pdf, id=40, 252.945pt x 
176.66pt>
File: final_images/G3_CDF/ATT_download_rates_aggregate_plot.pdf Graphic file (t
ype pdf)
 <use final_images/G3_CDF/ATT_download_rates_aggregate_plot.pdf>
Package pdftex.def Info: final_images/G3_CDF/ATT_download_rates_aggregate_plot.
pdf used on input line 7.
(pdftex.def)             Requested size: 151.76816pt x 105.99681pt.

[4]
<final_images/mean_throughput_hist_plot.pdf, id=47, 252.945pt x 226.8475pt>
File: final_images/mean_throughput_hist_plot.pdf Graphic file (type pdf)

<use final_images/mean_throughput_hist_plot.pdf>
Package pdftex.def Info: final_images/mean_throughput_hist_plot.pdf used on inp
ut line 33.
(pdftex.def)             Requested size: 151.76816pt x 136.10954pt.

Underfull \hbox (badness 10000) in paragraph at lines 38--43
[][]\OT1/ptm/m/n/10 Figure [][]
 []


Underfull \hbox (badness 10000) in paragraph at lines 38--43
\OT1/ptm/m/n/10 shows the mean
 []


Underfull \hbox (badness 10000) in paragraph at lines 38--43
\OT1/ptm/m/n/10 down-load rate of
 []


Underfull \hbox (badness 10000) in paragraph at lines 38--43
\OT1/ptm/m/n/10 files, where the
 []


Underfull \hbox (badness 10000) in paragraph at lines 38--43
\OT1/ptm/m/n/10 av-er-age is across
 []


Underfull \hbox (badness 2426) in paragraph at lines 38--43
\OT1/ptm/m/n/10 all files across all
 []


Underfull \hbox (badness 10000) in paragraph at lines 38--43
\OT1/ptm/m/n/10 of the sim-u-lated
 []


Underfull \hbox (badness 5008) in paragraph at lines 38--43
\OT1/ptm/m/n/10 scheme. We make
 []


Underfull \hbox (badness 10000) in paragraph at lines 38--43
\OT1/ptm/m/n/10 three ob-ser-va-tions
 []


Underfull \hbox (badness 10000) in paragraph at lines 38--43
\OT1/ptm/m/n/10 from this graph.
 []


Underfull \hbox (badness 10000) in paragraph at lines 38--43
\OT1/ptm/m/n/10 First, all schemes
 []


Underfull \hbox (badness 3138) in paragraph at lines 38--43
\OT1/ptm/m/n/10 with the ex-cep-tion
 []


Underfull \hbox (badness 7685) in paragraph at lines 38--43
\OT1/ptm/m/n/10 of COPE that is
 []


<final_images/G2_MLU//Abilene_MLUAverageUtilTable_plot.pdf, id=48, 252.945pt x 
176.66pt>
File: final_images/G2_MLU//Abilene_MLUAverageUtilTable_plot.pdf Graphic file (t
ype pdf)
 <use final_images/G2_MLU//Abilene_MLUAverageUtilTable_plot.pdf>
Package pdftex.def Info: final_images/G2_MLU//Abilene_MLUAverageUtilTable_plot.
pdf used on input line 113.
(pdftex.def)             Requested size: 121.41222pt x 84.79582pt.

<final_images/G2_MLU//Geant_MLUAverageUtilTable_plot.pdf, id=49, 252.945pt x 17
6.66pt>
File: final_images/G2_MLU//Geant_MLUAverageUtilTable_plot.pdf Graphic file (typ
e pdf)
 <use final_images/G2_MLU//Geant_MLUAverageUtilTable_plot.pdf>
Package pdftex.def Info: final_images/G2_MLU//Geant_MLUAverageUtilTable_plot.pd
f used on input line 114.
(pdftex.def)             Requested size: 121.41222pt x 84.79582pt.

<final_images/G2_MLU//ATT_MLUAverageUtilTable_plot.pdf, id=50, 252.945pt x 176.
66pt>
File: final_images/G2_MLU//ATT_MLUAverageUtilTable_plot.pdf Graphic file (type 
pdf)
 <use final_images/G2_MLU//ATT_MLUAverageUtilTable_plot.pdf>
Package pdftex.def Info: final_images/G2_MLU//ATT_MLUAverageUtilTable_plot.pdf 
used on input line 115.
(pdftex.def)             Requested size: 121.41222pt x 84.79582pt.

<final_images/G4_propdelay/mean_prop_delay_plot.pdf, id=51, 252.945pt x 176.66p
t>
File: final_images/G4_propdelay/mean_prop_delay_plot.pdf Graphic file (type pdf
)
 <use final_images/G4_propdelay/mean_prop_delay_plot.pdf>
Package pdftex.def Info: final_images/G4_propdelay/mean_prop_delay_plot.pdf use
d on input line 122.
(pdftex.def)             Requested size: 139.12018pt x 97.16328pt.

Overfull \hbox (1.80763pt too wide) in paragraph at lines 122--123
 [] 
 []


Underfull \vbox (badness 10000) has occurred while \output is active []

 [5 <./final_images/G3_CDF/Abilene_download_rates_aggregate_plot.pdf> <./final_
images/G3_CDF/Geant_download_rates_aggregate_plot.pdf> <./final_images/G3_CDF/A
TT_download_rates_aggregate_plot.pdf> <./final_images/mean_throughput_hist_plot
.pdf>])
(./section5.tex
<final_images/G5_IOdiff/i_o_diff_plot.pdf, id=75, 289.08pt x 201.75375pt>
File: final_images/G5_IOdiff/i_o_diff_plot.pdf Graphic file (type pdf)

<use final_images/G5_IOdiff/i_o_diff_plot.pdf>
Package pdftex.def Info: final_images/G5_IOdiff/i_o_diff_plot.pdf used on input
 line 103.
(pdftex.def)             Requested size: 158.99448pt x 110.96489pt.
 [6 <./final_images/G2_MLU//Abilene_MLUAverageUtilTable_plot.pdf> <./final_imag
es/G2_MLU//Geant_MLUAverageUtilTable_plot.pdf> <./final_images/G2_MLU//ATT_MLUA
verageUtilTable_plot.pdf> <./final_images/G4_propdelay/mean_prop_delay_plot.pdf
>]
Underfull \hbox (badness 10000) in paragraph at lines 139--142
[]\OT1/ptm/m/n/10 Max-IO-Diff
 []


Underfull \hbox (badness 10000) in paragraph at lines 139--142
\OT1/ptm/m/n/10 helps clearly
 []


Underfull \hbox (badness 10000) in paragraph at lines 139--142
\OT1/ptm/m/n/10 dis-tin-guish
 []


Underfull \hbox (badness 10000) in paragraph at lines 139--142
\OT1/ptm/m/n/10 work-loads that
 []


Underfull \hbox (badness 10000) in paragraph at lines 139--142
\OT1/ptm/m/n/10 For ex-am-ple,
 []


Underfull \hbox (badness 10000) in paragraph at lines 139--142
\OT1/ptm/m/n/10 in Fig-ure 10[],
 []


Underfull \hbox (badness 10000) in paragraph at lines 139--142
\OT1/ptm/m/n/10 we show a
 []


Underfull \hbox (badness 10000) in paragraph at lines 139--142
\OT1/ptm/m/n/10 Max-IO-Diff
 []


Underfull \hbox (badness 4096) in paragraph at lines 139--142
\OT1/ptm/m/n/10 pro-file for five
 []


Underfull \hbox (badness 10000) in paragraph at lines 139--142
\OT1/ptm/m/n/10 ex-per-i-ments at
 []

<final_images/Simulation2.pdf, id=100, 443.6575pt x 561.09625pt>
File: final_images/Simulation2.pdf Graphic file (type pdf)

<use final_images/Simulation2.pdf>
Package pdftex.def Info: final_images/Simulation2.pdf used on input line 168.
(pdftex.def)             Requested size: 190.769pt x 241.26668pt.

<final_images/G6_capacity/Abilene/k1_hist_plot.pdf, id=101, 252.945pt x 176.66p
t>
File: final_images/G6_capacity/Abilene/k1_hist_plot.pdf Graphic file (type pdf)

 <use final_images/G6_capacity/Abilene/k1_hist_plot.pdf>
Package pdftex.def Info: final_images/G6_capacity/Abilene/k1_hist_plot.pdf used
 on input line 266.
(pdftex.def)             Requested size: 151.76816pt x 105.99681pt.

<final_images/G6_capacity/Abilene/k2_hist_plot.pdf, id=102, 252.945pt x 176.66p
t>
File: final_images/G6_capacity/Abilene/k2_hist_plot.pdf Graphic file (type pdf)

 <use final_images/G6_capacity/Abilene/k2_hist_plot.pdf>
Package pdftex.def Info: final_images/G6_capacity/Abilene/k2_hist_plot.pdf used
 on input line 267.
(pdftex.def)             Requested size: 151.76816pt x 105.99681pt.

<final_images/G6_capacity/Abilene/k4_hist_plot.pdf, id=103, 343.2825pt x 176.66
pt>
File: final_images/G6_capacity/Abilene/k4_hist_plot.pdf Graphic file (type pdf)

 <use final_images/G6_capacity/Abilene/k4_hist_plot.pdf>
Package pdftex.def Info: final_images/G6_capacity/Abilene/k4_hist_plot.pdf used
 on input line 268.
(pdftex.def)             Requested size: 205.97107pt x 105.99681pt.

<final_images/G6_capacity/Geant/k1_hist_plot.pdf, id=104, 252.945pt x 176.66pt>
File: final_images/G6_capacity/Geant/k1_hist_plot.pdf Graphic file (type pdf)
<use final_images/G6_capacity/Geant/k1_hist_plot.pdf>
Package pdftex.def Info: final_images/G6_capacity/Geant/k1_hist_plot.pdf used o
n input line 269.
(pdftex.def)             Requested size: 151.76816pt x 105.99681pt.

<final_images/G6_capacity/Geant/k2_hist_plot.pdf, id=105, 252.945pt x 176.66pt>
File: final_images/G6_capacity/Geant/k2_hist_plot.pdf Graphic file (type pdf)
<use final_images/G6_capacity/Geant/k2_hist_plot.pdf>
Package pdftex.def Info: final_images/G6_capacity/Geant/k2_hist_plot.pdf used o
n input line 270.
(pdftex.def)             Requested size: 151.76816pt x 105.99681pt.

<final_images/G6_capacity/Geant/k4_hist_plot.pdf, id=106, 343.2825pt x 176.66pt
>
File: final_images/G6_capacity/Geant/k4_hist_plot.pdf Graphic file (type pdf)
 <use final_images/G6_capacity/Geant/k4_hist_plot.pdf>
Package pdftex.def Info: final_images/G6_capacity/Geant/k4_hist_plot.pdf used o
n input line 271.
(pdftex.def)             Requested size: 205.97107pt x 105.99681pt.

<final_images/G6_capacity/USISP/k1_hist_plot.pdf, id=107, 252.945pt x 176.66pt>
File: final_images/G6_capacity/USISP/k1_hist_plot.pdf Graphic file (type pdf)
<use final_images/G6_capacity/USISP/k1_hist_plot.pdf>
Package pdftex.def Info: final_images/G6_capacity/USISP/k1_hist_plot.pdf used o
n input line 272.
(pdftex.def)             Requested size: 151.76816pt x 105.99681pt.

<final_images/G6_capacity/USISP/k2_hist_plot.pdf, id=108, 252.945pt x 176.66pt>
File: final_images/G6_capacity/USISP/k2_hist_plot.pdf Graphic file (type pdf)
<use final_images/G6_capacity/USISP/k2_hist_plot.pdf>
Package pdftex.def Info: final_images/G6_capacity/USISP/k2_hist_plot.pdf used o
n input line 273.
(pdftex.def)             Requested size: 151.76816pt x 105.99681pt.

<final_images/G6_capacity/USISP/k4_hist_plot.pdf, id=109, 343.2825pt x 176.66pt
>
File: final_images/G6_capacity/USISP/k4_hist_plot.pdf Graphic file (type pdf)
 <use final_images/G6_capacity/USISP/k4_hist_plot.pdf>
Package pdftex.def Info: final_images/G6_capacity/USISP/k4_hist_plot.pdf used o
n input line 274.
(pdftex.def)             Requested size: 205.97107pt x 105.99681pt.
 [7 <./final_images/G5_IOdiff/i_o_diff_plot.pdf> <./final_images/Simulation2.pd
f>]
Overfull \hbox (1.131pt too wide) in paragraph at lines 408--408
[]|\OT1/ptm/m/n/8 k=1| 
 []


Overfull \hbox (1.131pt too wide) in paragraph at lines 408--408
[]|\OT1/ptm/m/n/8 k=2| 
 []


Overfull \hbox (1.131pt too wide) in paragraph at lines 408--408
[]|\OT1/ptm/m/n/8 k=4| 
 []


Overfull \hbox (3.45612pt too wide) in paragraph at lines 409--409
[]|\OT1/ptm/m/n/8 Optimal/Optimal| 
 []


Overfull \hbox (2.61908pt too wide) in paragraph at lines 410--410
[]|\OT1/ptm/m/n/8 0.89| 
 []


Overfull \hbox (2.61908pt too wide) in paragraph at lines 410--410
[]|\OT1/ptm/m/n/8 0.98| 
 []


Overfull \hbox (2.61908pt too wide) in paragraph at lines 410--411
[]|\OT1/ptm/m/n/8 0.99| 
 []


Overfull \hbox (2.61908pt too wide) in paragraph at lines 411--411
[]|\OT1/ptm/m/n/8 0.73| 
 []


Overfull \hbox (2.61908pt too wide) in paragraph at lines 411--411
[]|\OT1/ptm/m/n/8 0.99| 
 []


Overfull \hbox (2.61908pt too wide) in paragraph at lines 411--412
[]|\OT1/ptm/m/n/8 0.99| 
 []


Overfull \hbox (2.61908pt too wide) in paragraph at lines 412--412
[]|\OT1/ptm/m/n/8 0.91| 
 []


Overfull \hbox (2.61908pt too wide) in paragraph at lines 412--412
[]|\OT1/ptm/m/n/8 0.86| 
 []


Overfull \hbox (2.61908pt too wide) in paragraph at lines 412--413
[]|\OT1/ptm/m/n/8 0.85| 
 []


Overfull \hbox (2.61908pt too wide) in paragraph at lines 413--413
[]|\OT1/ptm/m/n/8 0.91| 
 []


Overfull \hbox (2.61908pt too wide) in paragraph at lines 413--413
[]|\OT1/ptm/m/n/8 0.99| 
 []


Overfull \hbox (2.61908pt too wide) in paragraph at lines 413--414
[]|\OT1/ptm/m/n/8 0.98| 
 []


Underfull \hbox (badness 10000) in paragraph at lines 419--420
[][]\OT1/ptm/m/n/10 Location di-ver-sity
 []


Underfull \hbox (badness 8075) in paragraph at lines 419--420
\OT1/ptm/m/n/10 statis-tic pre-sented is
 []

) (./app_performance_and_capacity.tex) (./newsection.tex [8 <./final_images/G6_
capacity/Abilene/k1_hist_plot.pdf> <./final_images/G6_capacity/Abilene/k2_hist_
plot.pdf> <./final_images/G6_capacity/Abilene/k4_hist_plot.pdf> <./final_images
/G6_capacity/Geant/k1_hist_plot.pdf> <./final_images/G6_capacity/Geant/k2_hist_
plot.pdf> <./final_images/G6_capacity/Geant/k4_hist_plot.pdf> <./final_images/G
6_capacity/USISP/k1_hist_plot.pdf> <./final_images/G6_capacity/USISP/k2_hist_pl
ot.pdf> <./final_images/G6_capacity/USISP/k4_hist_plot.pdf>]
<newimages/ATT2/k1_MLU.pdf, id=187, 361.35pt x 216.81pt>
File: newimages/ATT2/k1_MLU.pdf Graphic file (type pdf)

<use newimages/ATT2/k1_MLU.pdf>
Package pdftex.def Info: newimages/ATT2/k1_MLU.pdf used on input line 140.
(pdftex.def)             Requested size: 180.67456pt x 108.40472pt.

<newimages/ATT2/k3_MLU.pdf, id=188, 361.35pt x 216.81pt>
File: newimages/ATT2/k3_MLU.pdf Graphic file (type pdf)

<use newimages/ATT2/k3_MLU.pdf>
Package pdftex.def Info: newimages/ATT2/k3_MLU.pdf used on input line 141.
(pdftex.def)             Requested size: 180.67456pt x 108.40472pt.

<newimages/ATT2/k5_MLU.pdf, id=189, 361.35pt x 216.81pt>
File: newimages/ATT2/k5_MLU.pdf Graphic file (type pdf)

<use newimages/ATT2/k5_MLU.pdf>
Package pdftex.def Info: newimages/ATT2/k5_MLU.pdf used on input line 142.
(pdftex.def)             Requested size: 180.67456pt x 108.40472pt.

<newimages/ATT2/k7_MLU.pdf, id=190, 361.35pt x 216.81pt>
File: newimages/ATT2/k7_MLU.pdf Graphic file (type pdf)

<use newimages/ATT2/k7_MLU.pdf>
Package pdftex.def Info: newimages/ATT2/k7_MLU.pdf used on input line 143.
(pdftex.def)             Requested size: 180.67456pt x 108.40472pt.

<newimages/ATT2/TM27_totalTraffic.pdf, id=191, 361.35pt x 216.81pt>
File: newimages/ATT2/TM27_totalTraffic.pdf Graphic file (type pdf)

<use newimages/ATT2/TM27_totalTraffic.pdf>
Package pdftex.def Info: newimages/ATT2/TM27_totalTraffic.pdf used on input lin
e 154.
(pdftex.def)             Requested size: 180.67456pt x 108.40472pt.

Underfull \vbox (badness 3861) has occurred while \output is active []

 [9 <./newimages/ATT2/k1_MLU.pdf> <./newimages/ATT2/k3_MLU.pdf> <./newimages/AT
T2/k5_MLU.pdf> <./newimages/ATT2/k7_MLU.pdf>]) (./section7.tex) (./section8.tex

Underfull \hbox (badness 1609) in paragraph at lines 5--6
[]\OT1/ptm/m/n/10 Our application-centric fo-cus and em-pir-i-cal eval-u-a-tion

 []

) (./section9.tex
Underfull \hbox (badness 2846) in paragraph at lines 9--13
\OT1/ptm/m/n/8 gi-neer-ing Schemes \OT1/ptm/m/it/8 UMASS Com-puter Sci-ence Tec
h-ni-cal Re-port\OT1/ptm/m/n/8 ,
 []


Underfull \hbox (badness 10000) in paragraph at lines 23--25
[]\OT1/ptm/m/n/8 Akamai State of the In-ter-net Re-ports
 []

[10 <./newimages/ATT2/TM27_totalTraffic.pdf>]
Underfull \hbox (badness 10000) in paragraph at lines 49--50
[]\OT1/ptm/m/n/8 http://www.nanog.org/meetings/nanog47/presentations/-
 []


Overfull \hbox (19.59677pt too wide) in paragraph at lines 72--73
[]\OT1/ptm/m/n/8 Carpathia. http://www.carpathia.com/assets/files/carpathiaload
balancesheet.pdf 
 []


Underfull \hbox (badness 10000) in paragraph at lines 152--154
[]\OT1/ptm/m/n/8 Ipoque In-ter-net Study. http://www.ipoque.com/resources/inter
net-
 []


Underfull \hbox (badness 10000) in paragraph at lines 174--176
[]\OT1/ptm/m/n/8 Map of all Google data cen-ter lo-ca-tions.
 []


Underfull \hbox (badness 10000) in paragraph at lines 174--176
\OT1/ptm/m/n/8 http://royal.pingdom.com/2008/04/11/map-of-all-google-data-cente
r-
 []

) [11] (./New.aux)

LaTeX Warning: There were multiply-defined labels.

 ) 
Here is how much of TeX's memory you used:
 4180 strings out of 493488
 65047 string characters out of 3141326
 131644 words of memory out of 3000000
 7315 multiletter control sequences out of 15000+200000
 43337 words of font info for 86 fonts, out of 3000000 for 9000
 957 hyphenation exceptions out of 8191
 38i,11n,24p,1521b,339s stack positions out of 5000i,500n,10000p,200000b,50000s
{/usr/local/texlive/2012/texmf-dist/fonts/enc/dvips/base/8r.enc}</usr/local/t
exlive/2012/texmf-dist/fonts/type1/public/amsfonts/cm/cmex10.pfb></usr/local/te
xlive/2012/texmf-dist/fonts/type1/public/amsfonts/cm/cmmi10.pfb></usr/local/tex
live/2012/texmf-dist/fonts/type1/public/amsfonts/cm/cmmi7.pfb></usr/local/texli
ve/2012/texmf-dist/fonts/type1/public/amsfonts/cm/cmr10.pfb></usr/local/texlive
/2012/texmf-dist/fonts/type1/public/amsfonts/cm/cmsy10.pfb></usr/local/texlive/
2012/texmf-dist/fonts/type1/public/amsfonts/cm/cmsy7.pfb></usr/local/texlive/20
12/texmf-dist/fonts/type1/public/amsfonts/cm/cmsy8.pfb></usr/local/texlive/2012
/texmf-dist/fonts/type1/urw/times/utmb8a.pfb></usr/local/texlive/2012/texmf-dis
t/fonts/type1/urw/times/utmbi8a.pfb></usr/local/texlive/2012/texmf-dist/fonts/t
ype1/urw/times/utmr8a.pfb></usr/local/texlive/2012/texmf-dist/fonts/type1/urw/t
imes/utmr8a.pfb></usr/local/texlive/2012/texmf-dist/fonts/type1/urw/times/utmri
8a.pfb>
Output written on New.pdf (11 pages, 579987 bytes).
PDF statistics:
 317 PDF objects out of 1000 (max. 8388607)
 212 compressed objects within 3 object streams
 0 named destinations out of 1000 (max. 500000)
 136 words of extra memory for PDF output out of 10000 (max. 10000000)

