This is pdfTeX, Version 3.1415926-2.4-1.40.13 (TeX Live 2012) (format=pdflatex 2012.6.30)  11 JUN 2014 10:42
entering extended mode
 restricted \write18 enabled.
 file:line:error style messages enabled.
 %&-line parsing enabled.
**Main.tex
(./Main.tex
LaTeX2e <2011/06/27>
Babel <v3.8m> and hyphenation patterns for english, dumylang, nohyphenation, ge
rman-x-2012-05-30, ngerman-x-2012-05-30, afrikaans, ancientgreek, ibycus, arabi
c, armenian, basque, bulgarian, catalan, pinyin, coptic, croatian, czech, danis
h, dutch, ukenglish, usenglishmax, esperanto, estonian, ethiopic, farsi, finnis
h, french, friulan, galician, german, ngerman, swissgerman, monogreek, greek, h
ungarian, icelandic, assamese, bengali, gujarati, hindi, kannada, malayalam, ma
rathi, oriya, panjabi, tamil, telugu, indonesian, interlingua, irish, italian, 
kurmanji, latin, latvian, lithuanian, mongolian, mongolianlmc, bokmal, nynorsk,
 polish, portuguese, romanian, romansh, russian, sanskrit, serbian, serbianc, s
lovak, slovenian, spanish, swedish, turkish, turkmen, ukrainian, uppersorbian, 
welsh, loaded.
(./sig-alternate-2013.cls
(/usr/local/texlive/2012/texmf-dist/tex/latex/graphics/epsfig.sty
Package: epsfig 1999/02/16 v1.7a (e)psfig emulation (SPQR)

(/usr/local/texlive/2012/texmf-dist/tex/latex/graphics/graphicx.sty
Package: graphicx 1999/02/16 v1.0f Enhanced LaTeX Graphics (DPC,SPQR)

(/usr/local/texlive/2012/texmf-dist/tex/latex/graphics/keyval.sty
Package: keyval 1999/03/16 v1.13 key=value parser (DPC)
\KV@toks@=\toks14
)
(/usr/local/texlive/2012/texmf-dist/tex/latex/graphics/graphics.sty
Package: graphics 2009/02/05 v1.0o Standard LaTeX Graphics (DPC,SPQR)

(/usr/local/texlive/2012/texmf-dist/tex/latex/graphics/trig.sty
Package: trig 1999/03/16 v1.09 sin cos tan (DPC)
)
(/usr/local/texlive/2012/texmf-dist/tex/latex/latexconfig/graphics.cfg
File: graphics.cfg 2010/04/23 v1.9 graphics configuration of TeX Live
)
Package graphics Info: Driver file: pdftex.def on input line 91.

(/usr/local/texlive/2012/texmf-dist/tex/latex/pdftex-def/pdftex.def
File: pdftex.def 2011/05/27 v0.06d Graphics/color for pdfTeX

(/usr/local/texlive/2012/texmf-dist/tex/generic/oberdiek/infwarerr.sty
Package: infwarerr 2010/04/08 v1.3 Providing info/warning/error messages (HO)
)
(/usr/local/texlive/2012/texmf-dist/tex/generic/oberdiek/ltxcmds.sty
Package: ltxcmds 2011/11/09 v1.22 LaTeX kernel commands for general use (HO)
)
\Gread@gobject=\count79
))
\Gin@req@height=\dimen102
\Gin@req@width=\dimen103
)
\epsfxsize=\dimen104
\epsfysize=\dimen105
)
(/usr/local/texlive/2012/texmf-dist/tex/latex/amsfonts/amssymb.sty
Package: amssymb 2009/06/22 v3.00

(/usr/local/texlive/2012/texmf-dist/tex/latex/amsfonts/amsfonts.sty
Package: amsfonts 2009/06/22 v3.00 Basic AMSFonts support
\@emptytoks=\toks15
\symAMSa=\mathgroup4
\symAMSb=\mathgroup5
LaTeX Font Info:    Overwriting math alphabet `\mathfrak' in version `bold'
(Font)                  U/euf/m/n --> U/euf/b/n on input line 96.
))
(/usr/local/texlive/2012/texmf-dist/tex/latex/amsmath/amsmath.sty
Package: amsmath 2000/07/18 v2.13 AMS math features
\@mathmargin=\skip41

For additional information on amsmath, use the `?' option.
(/usr/local/texlive/2012/texmf-dist/tex/latex/amsmath/amstext.sty
Package: amstext 2000/06/29 v2.01

(/usr/local/texlive/2012/texmf-dist/tex/latex/amsmath/amsgen.sty
File: amsgen.sty 1999/11/30 v2.0
\@emptytoks=\toks16
\ex@=\dimen106
))
(/usr/local/texlive/2012/texmf-dist/tex/latex/amsmath/amsbsy.sty
Package: amsbsy 1999/11/29 v1.2d
\pmbraise@=\dimen107
)
(/usr/local/texlive/2012/texmf-dist/tex/latex/amsmath/amsopn.sty
Package: amsopn 1999/12/14 v2.01 operator names
)
\inf@bad=\count80
LaTeX Info: Redefining \frac on input line 211.
\uproot@=\count81
\leftroot@=\count82
LaTeX Info: Redefining \overline on input line 307.
\classnum@=\count83
\DOTSCASE@=\count84
LaTeX Info: Redefining \ldots on input line 379.
LaTeX Info: Redefining \dots on input line 382.
LaTeX Info: Redefining \cdots on input line 467.
\Mathstrutbox@=\box26
\strutbox@=\box27
\big@size=\dimen108
LaTeX Font Info:    Redeclaring font encoding OML on input line 567.
LaTeX Font Info:    Redeclaring font encoding OMS on input line 568.
\macc@depth=\count85
\c@MaxMatrixCols=\count86
\dotsspace@=\muskip10
\c@parentequation=\count87
\dspbrk@lvl=\count88
\tag@help=\toks17
\row@=\count89
\column@=\count90
\maxfields@=\count91
\andhelp@=\toks18
\eqnshift@=\dimen109
\alignsep@=\dimen110
\tagshift@=\dimen111
\tagwidth@=\dimen112
\totwidth@=\dimen113
\lineht@=\dimen114
\@envbody=\toks19
\multlinegap=\skip42
\multlinetaggap=\skip43
\mathdisplay@stack=\toks20
LaTeX Info: Redefining \[ on input line 2666.
LaTeX Info: Redefining \] on input line 2667.
)
Document Class 'sig-alternate' <23rd. May '12>. Modified by G.K.M. Tobin/Gerry 
Murray
Based in part upon document Style `acmconf' <22 May 89>. Hacked 4/91 by
shivers@cs.cmu.edu, 4/93 by theobald@cs.mcgill.ca
Excerpts were taken from (Journal Style) 'esub2acm.cls'.
****** Bugs/comments/suggestions/technicalities to Gerry Murray -- murray@hq.ac
m.org ******
Questions on the style, SIGS policies, etc. to Adrienne Griscti griscti@acm.org

\footheight=\dimen115
\@maxsep=\dimen116
\@dblmaxsep=\dimen117
\aucount=\count92
\originalaucount=\count93
\auwidth=\dimen118
\auskip=\dimen119
\auskipcount=\count94
\auskip=\dimen120
\allauboxes=\dimen121
\addauthors=\toks21
\addauflag=\count95
\subtitletext=\toks22
\savesection=\count96
\sectioncntr=\count97
\c@figure=\count98
\c@table=\count99
\titleboxnotes=\toks23
\titleboxnoteflag=\count100

LaTeX Warning: You have requested document class `sig-alternate-2013',
               but the document class provides `sig-alternate'.

Document Class: sig-alternate 2012/05/23 - V2.5 - based on acmproc.cls V1.3 <No
v. 30 '99>
(/usr/local/texlive/2012/texmf-dist/tex/latex/base/latexsym.sty
Package: latexsym 1998/08/17 v2.2e Standard LaTeX package (lasy symbols)
\symlasy=\mathgroup6
LaTeX Font Info:    Overwriting symbol font `lasy' in version `bold'
(Font)                  U/lasy/m/n --> U/lasy/b/n on input line 47.
)
\@acmtitlebox=\box28
\titlenotecount=\count101
\tntoks=\toks24
\tntokstwo=\toks25
\tntoksthree=\toks26
\tntoksfour=\toks27
\tntoksfive=\toks28
\catcount=\count102
\copyrightnotice=\toks29
\conf=\toks30
\confinfo=\toks31
\c@part=\count103
\c@section=\count104
\c@subsection=\count105
\c@subsubsection=\count106
\c@paragraph=\count107

Using 'Abbrev' bibliography style
LaTeX Info: Redefining \cite on input line 1211.
\bibindent=\dimen122
\colcntr=\count108
\saveb@x=\box29
\copyrtyr=\toks32
\acmcopyr=\toks33
\boilerplate=\toks34
\copyrightetc=\toks35
(/usr/local/texlive/2012/texmf-dist/tex/latex/base/fontenc.sty
Package: fontenc 2005/09/27 v1.99g Standard LaTeX package

(/usr/local/texlive/2012/texmf-dist/tex/latex/base/t1enc.def
File: t1enc.def 2005/09/27 v1.99g Standard LaTeX file
LaTeX Font Info:    Redeclaring font encoding T1 on input line 43.
)
LaTeX Font Info:    Try loading font information for T1+aer on input line 100.

(/usr/local/texlive/2012/texmf-dist/tex/latex/ae/t1aer.fd
File: t1aer.fd 1997/11/16 Font definitions for T1/aer.
)))
(/usr/local/texlive/2012/texmf-dist/tex/latex/subfigure/subfigure.sty
Package: subfigure 2002/03/15 v2.1.5 subfigure package
\subfigtopskip=\skip44
\subfigcapskip=\skip45
\subfigcaptopadj=\dimen123
\subfigbottomskip=\skip46
\subfigcapmargin=\dimen124
\subfiglabelskip=\skip47
\c@subfigure=\count109
\c@lofdepth=\count110
\c@subtable=\count111
\c@lotdepth=\count112

****************************************
* Local config file subfigure.cfg used *
****************************************
(/usr/local/texlive/2012/texmf-dist/tex/latex/subfigure/subfigure.cfg)
\subfig@top=\skip48
\subfig@bottom=\skip49
)
(/usr/local/texlive/2012/texmf-dist/tex/latex/tools/verbatim.sty
Package: verbatim 2003/08/22 v1.5q LaTeX2e package for verbatim enhancements
\every@verbatim=\toks36
\verbatim@line=\toks37
\verbatim@in@stream=\read1
)
(/usr/local/texlive/2012/texmf-dist/tex/latex/soul/soul.sty
Package: soul 2003/11/17 v2.4 letterspacing/underlining (mf)
\SOUL@word=\toks38
\SOUL@lasttoken=\toks39
\SOUL@cmds=\toks40
\SOUL@buffer=\toks41
\SOUL@token=\toks42
\SOUL@spaceskip=\skip50
\SOUL@ttwidth=\dimen125
\SOUL@uldp=\dimen126
\SOUL@ulht=\dimen127
)
(/usr/local/texlive/2012/texmf-dist/tex/latex/comment/comment.sty
\CommentStream=\write3

Excluding comment 'comment')
(/usr/local/texlive/2012/texmf-dist/tex/latex/psnfss/pifont.sty
Package: pifont 2005/04/12 PSNFSS-v9.2a Pi font support (SPQR) 
LaTeX Font Info:    Try loading font information for U+pzd on input line 63.

(/usr/local/texlive/2012/texmf-dist/tex/latex/psnfss/upzd.fd
File: upzd.fd 2001/06/04 font definitions for U/pzd.
)
LaTeX Font Info:    Try loading font information for U+psy on input line 64.

(/usr/local/texlive/2012/texmf-dist/tex/latex/psnfss/upsy.fd
File: upsy.fd 2001/06/04 font definitions for U/psy.
))
(/usr/local/texlive/2012/texmf-dist/tex/latex/tools/array.sty
Package: array 2008/09/09 v2.4c Tabular extension package (FMi)
\col@sep=\dimen128
\extrarowheight=\dimen129
\NC@list=\toks43
\extratabsurround=\skip51
\backup@length=\skip52
)
(/usr/local/texlive/2012/texmf-dist/tex/latex/url/url.sty
\Urlmuskip=\muskip11
Package: url 2006/04/12  ver 3.3  Verb mode for urls, etc.
)
(/usr/local/texlive/2012/texmf-dist/tex/latex/multirow/multirow.sty
\bigstrutjot=\dimen130
)
(/usr/local/texlive/2012/texmf-dist/tex/latex/tools/tabularx.sty
Package: tabularx 1999/01/07 v2.07 `tabularx' package (DPC)
\TX@col@width=\dimen131
\TX@old@table=\dimen132
\TX@old@col=\dimen133
\TX@target=\dimen134
\TX@delta=\dimen135
\TX@cols=\count113
\TX@ftn=\toks44
)
(/usr/local/texlive/2012/texmf-dist/tex/generic/oberdiek/ifpdf.sty
Package: ifpdf 2011/01/30 v2.3 Provides the ifpdf switch (HO)
Package ifpdf Info: pdfTeX in PDF mode is detected.
)
(/usr/local/texlive/2012/texmf-dist/tex/latex/rotating/rotating.sty
Package: rotating 2009/03/28 v2.16a rotated objects in LaTeX

(/usr/local/texlive/2012/texmf-dist/tex/latex/base/ifthen.sty
Package: ifthen 2001/05/26 v1.1c Standard LaTeX ifthen package (DPC)
)
\c@r@tfl@t=\count114
\rotFPtop=\skip53
\rotFPbot=\skip54
\rot@float@box=\box30
\rot@mess@toks=\toks45
)
(/usr/local/texlive/2012/texmf-dist/tex/latex/colortbl/colortbl.sty
Package: colortbl 2012/02/13 v1.0a Color table columns (DPC)

(/usr/local/texlive/2012/texmf-dist/tex/latex/graphics/color.sty
Package: color 2005/11/14 v1.0j Standard LaTeX Color (DPC)

(/usr/local/texlive/2012/texmf-dist/tex/latex/latexconfig/color.cfg
File: color.cfg 2007/01/18 v1.5 color configuration of teTeX/TeXLive
)
Package color Info: Driver file: pdftex.def on input line 130.
)
\everycr=\toks46
\minrowclearance=\skip55
)
(/usr/local/texlive/2012/texmf-dist/tex/latex/algorithms/algorithm.sty
Package: algorithm 2009/08/24 v0.1 Document Style `algorithm' - floating enviro
nment

(/usr/local/texlive/2012/texmf-dist/tex/latex/float/float.sty
Package: float 2001/11/08 v1.3d Float enhancements (AL)
\c@float@type=\count115
\float@exts=\toks47
\float@box=\box31
\@float@everytoks=\toks48
\@floatcapt=\box32
)
\@float@every@algorithm=\toks49
\c@algorithm=\count116
)
(/usr/local/texlive/2012/texmf-dist/tex/latex/wrapfig/wrapfig.sty
\wrapoverhang=\dimen136
\WF@size=\dimen137
\c@WF@wrappedlines=\count117
\WF@box=\box33
\WF@everypar=\toks50
Package: wrapfig 2003/01/31  v 3.6
)
(/usr/local/texlive/2012/texmf-dist/tex/latex/algorithms/algorithmic.sty
Package: algorithmic 2009/08/24 v0.1 Document Style `algorithmic'
\c@ALC@unique=\count118
\c@ALC@line=\count119
\c@ALC@rem=\count120
\c@ALC@depth=\count121
\ALC@tlm=\skip56
\algorithmicindent=\skip57
)
(/usr/local/texlive/2012/texmf-dist/tex/latex/tools/xspace.sty
Package: xspace 2009/10/20 v1.13 Space after command names (DPC,MH)
)
(/usr/local/texlive/2012/texmf-dist/tex/latex/bbm-macros/bbm.sty
Package: bbm 1999/03/15 V 1.2 provides fonts for set symbols - TH
LaTeX Font Info:    Overwriting math alphabet `\mathbbm' in version `bold'
(Font)                  U/bbm/m/n --> U/bbm/bx/n on input line 33.
LaTeX Font Info:    Overwriting math alphabet `\mathbbmss' in version `bold'
(Font)                  U/bbmss/m/n --> U/bbmss/bx/n on input line 35.
)
(/usr/local/texlive/2012/texmf-dist/tex/latex/sidecap/sidecap.sty
Package: sidecap 2003/06/06 v1.6f SideCap Package (RN/HjG)
\SC@BOXWD=\dimen138
\SC@CAPWD=\dimen139
\SC@tempdima=\dimen140
\SC@tempdimb=\dimen141
\c@SC@C=\count122
\SC@BOX=\box34
) (./Main.aux)
\openout1 = `Main.aux'.

LaTeX Font Info:    Checking defaults for OML/cmm/m/it on input line 60.
LaTeX Font Info:    ... okay on input line 60.
LaTeX Font Info:    Checking defaults for T1/cmr/m/n on input line 60.
LaTeX Font Info:    ... okay on input line 60.
LaTeX Font Info:    Checking defaults for OT1/cmr/m/n on input line 60.
LaTeX Font Info:    ... okay on input line 60.
LaTeX Font Info:    Checking defaults for OMS/cmsy/m/n on input line 60.
LaTeX Font Info:    ... okay on input line 60.
LaTeX Font Info:    Checking defaults for OMX/cmex/m/n on input line 60.
LaTeX Font Info:    ... okay on input line 60.
LaTeX Font Info:    Checking defaults for U/cmr/m/n on input line 60.
LaTeX Font Info:    ... okay on input line 60.
(/usr/local/texlive/2012/texmf-dist/tex/context/base/supp-pdf.mkii
[Loading MPS to PDF converter (version 2006.09.02).]
\scratchcounter=\count123
\scratchdimen=\dimen142
\scratchbox=\box35
\nofMPsegments=\count124
\nofMParguments=\count125
\everyMPshowfont=\toks51
\MPscratchCnt=\count126
\MPscratchDim=\dimen143
\MPnumerator=\count127
\makeMPintoPDFobject=\count128
\everyMPtoPDFconversion=\toks52
) (/usr/local/texlive/2012/texmf-dist/tex/generic/oberdiek/pdftexcmds.sty
Package: pdftexcmds 2011/11/29 v0.20 Utility functions of pdfTeX for LuaTeX (HO
)

(/usr/local/texlive/2012/texmf-dist/tex/generic/oberdiek/ifluatex.sty
Package: ifluatex 2010/03/01 v1.3 Provides the ifluatex switch (HO)
Package ifluatex Info: LuaTeX not detected.
)
Package pdftexcmds Info: LuaTeX not detected.
Package pdftexcmds Info: \pdf@primitive is available.
Package pdftexcmds Info: \pdf@ifprimitive is available.
Package pdftexcmds Info: \pdfdraftmode found.
)
(/usr/local/texlive/2012/texmf-dist/tex/latex/oberdiek/epstopdf-base.sty
Package: epstopdf-base 2010/02/09 v2.5 Base part for package epstopdf

(/usr/local/texlive/2012/texmf-dist/tex/latex/oberdiek/grfext.sty
Package: grfext 2010/08/19 v1.1 Manage graphics extensions (HO)

(/usr/local/texlive/2012/texmf-dist/tex/generic/oberdiek/kvdefinekeys.sty
Package: kvdefinekeys 2011/04/07 v1.3 Define keys (HO)
))
(/usr/local/texlive/2012/texmf-dist/tex/latex/oberdiek/kvoptions.sty
Package: kvoptions 2011/06/30 v3.11 Key value format for package options (HO)

(/usr/local/texlive/2012/texmf-dist/tex/generic/oberdiek/kvsetkeys.sty
Package: kvsetkeys 2012/04/25 v1.16 Key value parser (HO)

(/usr/local/texlive/2012/texmf-dist/tex/generic/oberdiek/etexcmds.sty
Package: etexcmds 2011/02/16 v1.5 Avoid name clashes with e-TeX commands (HO)
Package etexcmds Info: Could not find \expanded.
(etexcmds)             That can mean that you are not using pdfTeX 1.50 or
(etexcmds)             that some package has redefined \expanded.
(etexcmds)             In the latter case, load this package earlier.
)))
Package grfext Info: Graphics extension search list:
(grfext)             [.png,.pdf,.jpg,.mps,.jpeg,.jbig2,.jb2,.PNG,.PDF,.JPG,.JPE
G,.JBIG2,.JB2,.eps]
(grfext)             \AppendGraphicsExtensions on input line 452.

(/usr/local/texlive/2012/texmf-dist/tex/latex/latexconfig/epstopdf-sys.cfg
File: epstopdf-sys.cfg 2010/07/13 v1.3 Configuration of (r)epstopdf for TeX Liv
e
))
(/usr/local/texlive/2012/texmf-dist/tex/latex/ms/ragged2e.sty
Package: ragged2e 2009/05/21 v2.1 ragged2e Package (MS)

(/usr/local/texlive/2012/texmf-dist/tex/latex/ms/everysel.sty
Package: everysel 2011/10/28 v1.2 EverySelectfont Package (MS)

ABD: EverySelectfont initializing macros
LaTeX Info: Redefining \selectfont on input line 126.
)
\CenteringLeftskip=\skip58
\RaggedLeftLeftskip=\skip59
\RaggedRightLeftskip=\skip60
\CenteringRightskip=\skip61
\RaggedLeftRightskip=\skip62
\RaggedRightRightskip=\skip63
\CenteringParfillskip=\skip64
\RaggedLeftParfillskip=\skip65
\RaggedRightParfillskip=\skip66
\JustifyingParfillskip=\skip67
\CenteringParindent=\skip68
\RaggedLeftParindent=\skip69
\RaggedRightParindent=\skip70
\JustifyingParindent=\skip71
)
LaTeX Font Info:    Try loading font information for U+msa on input line 80.

(/usr/local/texlive/2012/texmf-dist/tex/latex/amsfonts/umsa.fd
File: umsa.fd 2009/06/22 v3.00 AMS symbols A
)
LaTeX Font Info:    Try loading font information for U+msb on input line 80.

(/usr/local/texlive/2012/texmf-dist/tex/latex/amsfonts/umsb.fd
File: umsb.fd 2009/06/22 v3.00 AMS symbols B
)
LaTeX Font Info:    Try loading font information for U+lasy on input line 80.

(/usr/local/texlive/2012/texmf-dist/tex/latex/base/ulasy.fd
File: ulasy.fd 1998/08/17 v2.2e LaTeX symbol font definitions
) (./abstract.tex
Overfull \hbox (8.3142pt too wide) in paragraph at lines 3--4
\T1/aer/m/n/9 context-based com-mu-ni-ca-tion prim-i-tives that gen-er-al-ize n
ame-
 []

)
Overfull \hbox (2.41174pt too wide) in paragraph at lines 86--88
\T1/aer/m/n/9 C.2.4 [\T1/aer/bx/n/9 Computer Sys-tems Or-ga-ni-za-tion\T1/aer/m
/n/9 ]: COMPUTER-
 []

(./intro.tex
LaTeX Font Info:    Try loading font information for T1+aett on input line 17.
 (/usr/local/texlive/2012/texmf-dist/tex/latex/ae/t1aett.fd
File: t1aett.fd 1997/11/16 Font definitions for T1/aett.
)
Underfull \vbox (badness 10000) has occurred while \output is active []

 [1{/usr/local/texlive/2012/texmf-var/fonts/map/pdftex/updmap/pdftex.map}


]
Overfull \hbox (1.2638pt too wide) in paragraph at lines 39--41
\T1/aer/m/n/9 high mo-bil-ity and ar-bi-trary end-point iden-ti-fiers ($\OMS/cm
sy/m/n/9 x$\T1/aer/m/n/9 3[],$\OMS/cmsy/m/n/9 x$\T1/aer/m/n/9 4[]).
 []


Overfull \hbox (1.60089pt too wide) in paragraph at lines 41--43
\T1/aer/m/n/9 context-aware de-liv-ery prim-i-tives that gen-er-al-ize name-
 []


Overfull \hbox (4.64273pt too wide) in paragraph at lines 43--45
[]\T1/aer/m/n/9 Comparison against sev-eral best-of-breed man-aged DNS
 []


Overfull \hbox (5.07465pt too wide) in paragraph at lines 43--45
\T1/aer/m/n/9 ser-vices show-ing that Aus-pice's demand-aware ap-proach
 []

) (./bg.tex
Overfull \hbox (8.13463pt too wide) in paragraph at lines 20--21
\T1/aer/m/n/9 mobility--\T1/aer/m/it/9 indirection-based rout-ing, global name-
to-address res-
 []

[2]
Overfull \hbox (3.72305pt too wide) in paragraph at lines 95--96
\T1/aer/m/n/9 names such as []\T1/aett/m/n/9 /umass/phone42/call3/frame7\T1/aer
/m/n/9 ), fre-quent mo-
 []


Underfull \vbox (badness 1558) has occurred while \output is active []

)
(./design.tex <figure/4mobility.pdf, id=22, 794.97pt x 614.295pt>
File: figure/4mobility.pdf Graphic file (type pdf)

<use figure/4mobility.pdf>
Package pdftex.def Info: figure/4mobility.pdf used on input line 12.
(pdftex.def)             Requested size: 238.49284pt x 184.28992pt.
 [3 <./figure/4mobility.pdf>]
<figure/DNS-GNS.pdf, id=178, 638.5408pt x 508.97183pt>
File: figure/DNS-GNS.pdf Graphic file (type pdf)

<use figure/DNS-GNS.pdf>
Package pdftex.def Info: figure/DNS-GNS.pdf used on input line 32.
(pdftex.def)             Requested size: 216.8087pt x 144.53813pt.
 [4 <./figure/DNS-GNS.pdf>]
<gns-dns/gnrs.pdf, id=336, 722.7pt x 542.025pt>
File: gns-dns/gnrs.pdf Graphic file (type pdf)
 <use gns-dns/gnrs.pdf>
Package pdftex.def Info: gns-dns/gnrs.pdf used on input line 96.
(pdftex.def)             Requested size: 238.49173pt x 178.86879pt.

Overfull \hbox (1.31247pt too wide) in paragraph at lines 182--188
[]\T1/aer/m/n/9 where the right hand side rep-re-sents the to-tal load summed
 []

[5 <./gns-dns/gnrs.pdf>] [6]) (./implementation.tex
Overfull \hbox (9.13373pt too wide) in paragraph at lines 68--69
\T1/aer/m/n/9 which through a web por-tal ([]\T1/aett/m/n/9 http://gns.name\T1/
aer/m/n/9 ) or a command-
 []


Overfull \hbox (2.5056pt too wide) in paragraph at lines 68--69
\T1/aer/m/n/9 lookups and up-dates or cus-tom socket li-brary, msocket ($\OMS/c
msy/m/n/9 x$\T1/aer/m/n/9 4.3[]),
 []

) (./eval.tex
Overfull \hbox (2.82433pt too wide) in paragraph at lines 5--6
\T1/aer/m/n/9 performance trade-off com-pare to best-of-breed man-aged DNS
 []

<graph/newgraphs/lookup-latency-cdf.pdf, id=558, 289.08pt x 216.81pt>
File: graph/newgraphs/lookup-latency-cdf.pdf Graphic file (type pdf)

<use graph/newgraphs/lookup-latency-cdf.pdf>
Package pdftex.def Info: graph/newgraphs/lookup-latency-cdf.pdf used on input l
ine 63.
(pdftex.def)             Requested size: 158.99448pt x 119.24586pt.

<graph/newgraphs/load-latency.pdf, id=559, 289.08pt x 216.81pt>
File: graph/newgraphs/load-latency.pdf Graphic file (type pdf)

<use graph/newgraphs/load-latency.pdf>
Package pdftex.def Info: graph/newgraphs/load-latency.pdf used on input line 64
.
(pdftex.def)             Requested size: 158.99448pt x 119.24586pt.

<graph/newgraphs/load-updatecost.pdf, id=560, 289.08pt x 216.81pt>
File: graph/newgraphs/load-updatecost.pdf Graphic file (type pdf)

<use graph/newgraphs/load-updatecost.pdf>
Package pdftex.def Info: graph/newgraphs/load-updatecost.pdf used on input line
 65.
(pdftex.def)             Requested size: 158.99448pt x 119.24586pt.

Underfull \vbox (badness 10000) has occurred while \output is active []

 [7]
Overfull \hbox (1.20432pt too wide) in paragraph at lines 142--143
\T1/aer/m/n/9 repli-cas at ev-ery load level. This is be-cause DHT+Popularity
 []

<graph/camera-ready/connect-time-msocket.pdf, id=567, 289.08pt x 216.81pt>
File: graph/camera-ready/connect-time-msocket.pdf Graphic file (type pdf)

<use graph/camera-ready/connect-time-msocket.pdf>
Package pdftex.def Info: graph/camera-ready/connect-time-msocket.pdf used on in
put line 145.
(pdftex.def)             Requested size: 173.44492pt x 130.09361pt.

<figure/SimulMig.pdf, id=568, 289.08pt x 216.81pt>
File: figure/SimulMig.pdf Graphic file (type pdf)
 <use figure/SimulMig.pdf>
Package pdftex.def Info: figure/SimulMig.pdf used on input line 146.
(pdftex.def)             Requested size: 180.67455pt x 130.09361pt.

<figure/5MemTimeLineUsed.pdf, id=569, 361.35pt x 252.945pt>
File: figure/5MemTimeLineUsed.pdf Graphic file (type pdf)

<use figure/5MemTimeLineUsed.pdf>
Package pdftex.def Info: figure/5MemTimeLineUsed.pdf used on input line 147.
(pdftex.def)             Requested size: 144.53743pt x 130.08865pt.

Underfull \vbox (badness 10000) has occurred while \output is active []

 [8 <./graph/newgraphs/lookup-latency-cdf.pdf> <./graph/newgraphs/load-latency.
pdf> <./graph/newgraphs/load-updatecost.pdf>]) (./eval-case.tex
<graph/newgraphs/managed-lookup.pdf, id=587, 289.08pt x 216.81pt>
File: graph/newgraphs/managed-lookup.pdf Graphic file (type pdf)

<use graph/newgraphs/managed-lookup.pdf>
Package pdftex.def Info: graph/newgraphs/managed-lookup.pdf used on input line 
13.
(pdftex.def)             Requested size: 202.35461pt x 101.1795pt.

<graph/newgraphs/managed-update.pdf, id=588, 289.08pt x 216.81pt>
File: graph/newgraphs/managed-update.pdf Graphic file (type pdf)

<use graph/newgraphs/managed-update.pdf>
Package pdftex.def Info: graph/newgraphs/managed-update.pdf used on input line 
21.
(pdftex.def)             Requested size: 202.35461pt x 101.1795pt.

Underfull \vbox (badness 1642) has occurred while \output is active []

 [9 <./graph/camera-ready/connect-time-msocket.pdf> <./figure/SimulMig.pdf> <./
figure/5MemTimeLineUsed.pdf>]
Overfull \hbox (3.71533pt too wide) in paragraph at lines 102--103
\T1/aer/m/n/9 com-mu-ni-ca-tion prim-i-tive en-abled by con-text de-scrip-tors 
com-
 []

) (./eval-part2.tex
Overfull \hbox (10.98749pt too wide) in paragraph at lines 9--11
\T1/aer/m/n/9 traDNS, Dyn-DNS, and DNS-MadeEasy that of-fer geo-replicated
 []


Underfull \vbox (badness 4341) has occurred while \output is active []


Overfull \hbox (4.91187pt too wide) in paragraph at lines 30--36
[]\T1/aer/m/n/9 We com-pare Aus-pice to Ul-traDNS for a work-load of lookups
 []


Underfull \vbox (badness 4713) has occurred while \output is active []

 [10 <./graph/newgraphs/managed-lookup.pdf> <./graph/newgraphs/managed-update.p
df>])
(./related.tex) (./conclusion.tex) (./Main.bbl [11]
Overfull \hbox (8.21498pt too wide) in paragraph at lines 39--42
\T1/aett/m/n/8 icann-[]hears-[]concerns-[]about-[]accountability-[]control-[]21
6$\T1/aer/m/n/8 .  
 []

) [12] (./Main.aux) )
(\end occurred inside a group at level 1)

### simple group (level 1) entered at line 114 ({)
### bottom level 
Here is how much of TeX's memory you used:
 4363 strings out of 493488
 58033 string characters out of 3141326
 126964 words of memory out of 3000000
 7431 multiletter control sequences out of 15000+200000
 81425 words of font info for 111 fonts, out of 3000000 for 9000
 957 hyphenation exceptions out of 8191
 41i,18n,26p,1691b,309s stack positions out of 5000i,500n,10000p,200000b,50000s
{/usr/local/texlive/2012/texmf-dist/fonts/enc/dvips/base/8r.enc
}</usr/local/texlive/2012/texmf-dist/fonts/type1/public/amsfonts/cm/cmbx8.pfb><
/usr/local/texlive/2012/texmf-dist/fonts/type1/public/amsfonts/cm/cmbx9.pfb></u
sr/local/texlive/2012/texmf-dist/fonts/type1/public/amsfonts/cm/cmbxti10.pfb></
usr/local/texlive/2012/texmf-dist/fonts/type1/public/amsfonts/cm/cmcsc10.pfb></
usr/local/texlive/2012/texmf-dist/fonts/type1/public/amsfonts/cmextra/cmex9.pfb
></usr/local/texlive/2012/texmf-dist/fonts/type1/public/amsfonts/cm/cmmi5.pfb><
/usr/local/texlive/2012/texmf-dist/fonts/type1/public/amsfonts/cm/cmmi6.pfb></u
sr/local/texlive/2012/texmf-dist/fonts/type1/public/amsfonts/cm/cmmi9.pfb></usr
/local/texlive/2012/texmf-dist/fonts/type1/public/amsfonts/cm/cmr6.pfb></usr/lo
cal/texlive/2012/texmf-dist/fonts/type1/public/amsfonts/cm/cmr8.pfb></usr/local
/texlive/2012/texmf-dist/fonts/type1/public/amsfonts/cm/cmr9.pfb></usr/local/te
xlive/2012/texmf-dist/fonts/type1/public/amsfonts/cm/cmsy5.pfb></usr/local/texl
ive/2012/texmf-dist/fonts/type1/public/amsfonts/cm/cmsy6.pfb></usr/local/texliv
e/2012/texmf-dist/fonts/type1/public/amsfonts/cm/cmsy8.pfb></usr/local/texlive/
2012/texmf-dist/fonts/type1/public/amsfonts/cm/cmsy9.pfb></usr/local/texlive/20
12/texmf-dist/fonts/type1/public/amsfonts/cm/cmti8.pfb></usr/local/texlive/2012
/texmf-dist/fonts/type1/public/amsfonts/cm/cmti9.pfb></usr/local/texlive/2012/t
exmf-dist/fonts/type1/public/amsfonts/cm/cmtt8.pfb></usr/local/texlive/2012/tex
mf-dist/fonts/type1/public/amsfonts/cm/cmtt9.pfb></usr/local/texlive/2012/texmf
-dist/fonts/type1/urw/helvetic/uhvb8a.pfb></usr/local/texlive/2012/texmf-dist/f
onts/type1/urw/helvetic/uhvr8a.pfb></usr/local/texlive/2012/texmf-dist/fonts/ty
pe1/urw/times/utmb8a.pfb></usr/local/texlive/2012/texmf-dist/fonts/type1/urw/ti
mes/utmr8a.pfb></usr/local/texlive/2012/texmf-dist/fonts/type1/urw/times/utmri8
a.pfb>
Output written on Main.pdf (12 pages, 1970340 bytes).
PDF statistics:
 708 PDF objects out of 1000 (max. 8388607)
 425 compressed objects within 5 object streams
 0 named destinations out of 1000 (max. 500000)
 56 words of extra memory for PDF output out of 10000 (max. 10000000)

